<?xml version="1.0" encoding="UTF-8"?>
<!-- Generated by org.testng.reporters.JUnitReportReporter -->
<testsuite hostname="Manojs-MacBook-Pro.local" name="Maths.MathematicsTest" tests="4" failures="0" timestamp="7 Mar 2015 00:23:47 GMT" time="0.033" errors="0">
  <testcase name="multiply" time="0.002" classname="Maths.MathematicsTest"/>
  <testcase name="add" time="0.025" classname="Maths.MathematicsTest"/>
  <testcase name="sub" time="0.003" classname="Maths.MathematicsTest"/>
  <testcase name="divide" time="0.003" classname="Maths.MathematicsTest"/>
</testsuite> <!-- Maths.MathematicsTest -->
