<?xml version="1.0" encoding="UTF-8"?>
<!-- Generated by org.testng.reporters.JUnitReportReporter -->
<testsuite hostname="Manojs-MacBook-Pro.local" name="CMV.MyArraysTest" tests="2" failures="0" timestamp="8 Mar 2015 00:09:51 GMT" time="0.016" errors="0">
  <testcase name="getMinimum" time="0.001" classname="CMV.MyArraysTest"/>
  <testcase name="getMinimum" time="0.015" classname="CMV.MyArraysTest"/>
</testsuite> <!-- CMV.MyArraysTest -->
